{"/Users/cashies/Desktop/Computer/Internship/chynatownprincess-intern-repo/nest-js/src/app.module.ts": {"path":"/Users/cashies/Desktop/Computer/Internship/chynatownprincess-intern-repo/nest-js/src/app.module.ts","statementMap":{"0":{"start":{"line":2,"column":0},"end":{"line":2,"column":40}},"1":{"start":{"line":3,"column":0},"end":{"line":3,"column":48}},"2":{"start":{"line":4,"column":0},"end":{"line":4,"column":46}},"3":{"start":{"line":5,"column":0},"end":{"line":5,"column":29}},"4":{"start":{"line":6,"column":0},"end":{"line":6,"column":51}},"5":{"start":{"line":45,"column":7},"end":{"line":45,"column":null}},"6":{"start":{"line":45,"column":13},"end":{"line":45,"column":22}},"7":{"start":{"line":45,"column":13},"end":{"line":45,"column":null}}},"fnMap":{},"branchMap":{"0":{"loc":{"start":{"line":12,"column":19},"end":{"line":12,"column":73}},"type":"cond-expr","locations":[{"start":{"line":12,"column":53},"end":{"line":12,"column":64}},{"start":{"line":12,"column":67},"end":{"line":12,"column":73}}]},"1":{"loc":{"start":{"line":16,"column":6},"end":{"line":39,"column":null}},"type":"cond-expr","locations":[{"start":{"line":17,"column":10},"end":{"line":25,"column":null}},{"start":{"line":26,"column":10},"end":{"line":39,"column":null}}]},"2":{"loc":{"start":{"line":29,"column":18},"end":{"line":29,"column":52}},"type":"binary-expr","locations":[{"start":{"line":29,"column":18},"end":{"line":29,"column":37}},{"start":{"line":29,"column":41},"end":{"line":29,"column":52}}]},"3":{"loc":{"start":{"line":30,"column":27},"end":{"line":30,"column":56}},"type":"binary-expr","locations":[{"start":{"line":30,"column":27},"end":{"line":30,"column":46}},{"start":{"line":30,"column":50},"end":{"line":30,"column":56}}]},"4":{"loc":{"start":{"line":31,"column":22},"end":{"line":31,"column":59}},"type":"binary-expr","locations":[{"start":{"line":31,"column":22},"end":{"line":31,"column":45}},{"start":{"line":31,"column":49},"end":{"line":31,"column":59}}]},"5":{"loc":{"start":{"line":32,"column":22},"end":{"line":32,"column":59}},"type":"binary-expr","locations":[{"start":{"line":32,"column":22},"end":{"line":32,"column":45}},{"start":{"line":32,"column":49},"end":{"line":32,"column":59}}]},"6":{"loc":{"start":{"line":33,"column":22},"end":{"line":33,"column":53}},"type":"binary-expr","locations":[{"start":{"line":33,"column":22},"end":{"line":33,"column":41}},{"start":{"line":33,"column":45},"end":{"line":33,"column":53}}]}},"s":{"0":2,"1":2,"2":2,"3":2,"4":2,"5":2,"6":2,"7":2},"f":{},"b":{"0":[2,0],"1":[2,0],"2":[0,0],"3":[0,0],"4":[0,0],"5":[0,0],"6":[0,0]}}
,"/Users/cashies/Desktop/Computer/Internship/chynatownprincess-intern-repo/nest-js/src/auth/jwt.strategy.ts": {"path":"/Users/cashies/Desktop/Computer/Internship/chynatownprincess-intern-repo/nest-js/src/auth/jwt.strategy.ts","statementMap":{"0":{"start":{"line":1,"column":0},"end":{"line":1,"column":44}},"1":{"start":{"line":2,"column":0},"end":{"line":2,"column":52}},"2":{"start":{"line":3,"column":0},"end":{"line":3,"column":52}},"3":{"start":{"line":4,"column":0},"end":{"line":4,"column":45}},"4":{"start":{"line":5,"column":0},"end":{"line":5,"column":47}},"5":{"start":{"line":8,"column":7},"end":{"line":27,"column":null}},"6":{"start":{"line":10,"column":4},"end":{"line":21,"column":7}},"7":{"start":{"line":9,"column":22},"end":{"line":9,"column":37}},"8":{"start":{"line":25,"column":4},"end":{"line":25,"column":19}},"9":{"start":{"line":8,"column":13},"end":{"line":8,"column":24}},"10":{"start":{"line":8,"column":13},"end":{"line":27,"column":null}}},"fnMap":{"0":{"name":"(anonymous_2)","decl":{"start":{"line":9,"column":2},"end":{"line":9,"column":22}},"loc":{"start":{"line":9,"column":50},"end":{"line":22,"column":3}}},"1":{"name":"(anonymous_3)","decl":{"start":{"line":24,"column":2},"end":{"line":24,"column":10}},"loc":{"start":{"line":24,"column":23},"end":{"line":26,"column":3}}}},"branchMap":{},"s":{"0":2,"1":2,"2":2,"3":2,"4":2,"5":2,"6":2,"7":2,"8":0,"9":2,"10":2},"f":{"0":2,"1":0},"b":{}}
,"/Users/cashies/Desktop/Computer/Internship/chynatownprincess-intern-repo/nest-js/src/auth/decorators/roles.decorator.ts": {"path":"/Users/cashies/Desktop/Computer/Internship/chynatownprincess-intern-repo/nest-js/src/auth/decorators/roles.decorator.ts","statementMap":{"0":{"start":{"line":1,"column":0},"end":{"line":1,"column":45}},"1":{"start":{"line":3,"column":21},"end":{"line":3,"column":72}},"2":{"start":{"line":3,"column":45},"end":{"line":3,"column":72}},"3":{"start":{"line":3,"column":13},"end":{"line":3,"column":21}}},"fnMap":{"0":{"name":"(anonymous_0)","decl":{"start":{"line":3,"column":21},"end":{"line":3,"column":22}},"loc":{"start":{"line":3,"column":45},"end":{"line":3,"column":72}}}},"branchMap":{},"s":{"0":3,"1":3,"2":12,"3":3},"f":{"0":12},"b":{}}
,"/Users/cashies/Desktop/Computer/Internship/chynatownprincess-intern-repo/nest-js/src/auth/guards/roles.guard.ts": {"path":"/Users/cashies/Desktop/Computer/Internship/chynatownprincess-intern-repo/nest-js/src/auth/guards/roles.guard.ts","statementMap":{"0":{"start":{"line":1,"column":0},"end":{"line":1,"column":75}},"1":{"start":{"line":2,"column":0},"end":{"line":2,"column":41}},"2":{"start":{"line":5,"column":7},"end":{"line":26,"column":null}},"3":{"start":{"line":6,"column":22},"end":{"line":6,"column":33}},"4":{"start":{"line":9,"column":26},"end":{"line":9,"column":85}},"5":{"start":{"line":11,"column":4},"end":{"line":13,"column":5}},"6":{"start":{"line":12,"column":6},"end":{"line":12,"column":18}},"7":{"start":{"line":15,"column":20},"end":{"line":15,"column":55}},"8":{"start":{"line":16,"column":17},"end":{"line":16,"column":29}},"9":{"start":{"line":19,"column":4},"end":{"line":21,"column":5}},"10":{"start":{"line":20,"column":6},"end":{"line":20,"column":19}},"11":{"start":{"line":24,"column":4},"end":{"line":24,"column":45}},"12":{"start":{"line":5,"column":13},"end":{"line":5,"column":23}},"13":{"start":{"line":5,"column":13},"end":{"line":26,"column":null}}},"fnMap":{"0":{"name":"(anonymous_2)","decl":{"start":{"line":6,"column":2},"end":{"line":6,"column":22}},"loc":{"start":{"line":6,"column":42},"end":{"line":6,"column":46}}},"1":{"name":"(anonymous_3)","decl":{"start":{"line":8,"column":2},"end":{"line":8,"column":13}},"loc":{"start":{"line":8,"column":39},"end":{"line":25,"column":3}}}},"branchMap":{"0":{"loc":{"start":{"line":11,"column":4},"end":{"line":13,"column":5}},"type":"if","locations":[{"start":{"line":11,"column":4},"end":{"line":13,"column":5}}]},"1":{"loc":{"start":{"line":19,"column":4},"end":{"line":21,"column":5}},"type":"if","locations":[{"start":{"line":19,"column":4},"end":{"line":21,"column":5}}]}},"s":{"0":3,"1":3,"2":3,"3":0,"4":0,"5":0,"6":0,"7":0,"8":0,"9":0,"10":0,"11":0,"12":3,"13":3},"f":{"0":0,"1":0},"b":{"0":[0],"1":[0]}}
,"/Users/cashies/Desktop/Computer/Internship/chynatownprincess-intern-repo/nest-js/src/users/users.controller.ts": {"path":"/Users/cashies/Desktop/Computer/Internship/chynatownprincess-intern-repo/nest-js/src/users/users.controller.ts","statementMap":{"0":{"start":{"line":1,"column":0},"end":{"line":1,"column":null}},"1":{"start":{"line":14,"column":0},"end":{"line":14,"column":45}},"2":{"start":{"line":15,"column":0},"end":{"line":15,"column":47}},"3":{"start":{"line":16,"column":0},"end":{"line":16,"column":54}},"4":{"start":{"line":17,"column":0},"end":{"line":17,"column":54}},"5":{"start":{"line":18,"column":0},"end":{"line":18,"column":52}},"6":{"start":{"line":19,"column":0},"end":{"line":19,"column":56}},"7":{"start":{"line":20,"column":0},"end":{"line":20,"column":59}},"8":{"start":{"line":23,"column":7},"end":{"line":65,"column":null}},"9":{"start":{"line":24,"column":31},"end":{"line":24,"column":45}},"10":{"start":{"line":30,"column":4},"end":{"line":30,"column":57}},"11":{"start":{"line":37,"column":4},"end":{"line":37,"column":45}},"12":{"start":{"line":45,"column":17},"end":{"line":45,"column":52}},"13":{"start":{"line":46,"column":4},"end":{"line":46,"column":32}},"14":{"start":{"line":56,"column":4},"end":{"line":56,"column":61}},"15":{"start":{"line":63,"column":4},"end":{"line":63,"column":46}},"16":{"start":{"line":23,"column":13},"end":{"line":23,"column":28}},"17":{"start":{"line":29,"column":8},"end":{"line":31,"column":null}},"18":{"start":{"line":36,"column":8},"end":{"line":38,"column":null}},"19":{"start":{"line":44,"column":8},"end":{"line":47,"column":null}},"20":{"start":{"line":52,"column":8},"end":{"line":57,"column":null}},"21":{"start":{"line":62,"column":8},"end":{"line":64,"column":null}},"22":{"start":{"line":23,"column":13},"end":{"line":65,"column":null}}},"fnMap":{"0":{"name":"(anonymous_4)","decl":{"start":{"line":24,"column":2},"end":{"line":24,"column":31}},"loc":{"start":{"line":24,"column":57},"end":{"line":24,"column":61}}},"1":{"name":"(anonymous_5)","decl":{"start":{"line":29,"column":2},"end":{"line":29,"column":7}},"loc":{"start":{"line":29,"column":51},"end":{"line":31,"column":3}}},"2":{"name":"(anonymous_6)","decl":{"start":{"line":36,"column":2},"end":{"line":36,"column":7}},"loc":{"start":{"line":36,"column":15},"end":{"line":38,"column":3}}},"3":{"name":"(anonymous_7)","decl":{"start":{"line":44,"column":2},"end":{"line":44,"column":7}},"loc":{"start":{"line":44,"column":53},"end":{"line":47,"column":3}}},"4":{"name":"(anonymous_8)","decl":{"start":{"line":52,"column":2},"end":{"line":52,"column":7}},"loc":{"start":{"line":54,"column":40},"end":{"line":57,"column":3}}},"5":{"name":"(anonymous_9)","decl":{"start":{"line":62,"column":2},"end":{"line":62,"column":7}},"loc":{"start":{"line":62,"column":52},"end":{"line":64,"column":3}}}},"branchMap":{},"s":{"0":3,"1":3,"2":3,"3":3,"4":3,"5":3,"6":3,"7":3,"8":3,"9":8,"10":12,"11":4,"12":6,"13":1,"14":4,"15":6,"16":3,"17":3,"18":3,"19":3,"20":3,"21":3,"22":3},"f":{"0":8,"1":12,"2":4,"3":6,"4":4,"5":6},"b":{}}
,"/Users/cashies/Desktop/Computer/Internship/chynatownprincess-intern-repo/nest-js/src/users/users.module.ts": {"path":"/Users/cashies/Desktop/Computer/Internship/chynatownprincess-intern-repo/nest-js/src/users/users.module.ts","statementMap":{"0":{"start":{"line":1,"column":0},"end":{"line":1,"column":40}},"1":{"start":{"line":2,"column":0},"end":{"line":2,"column":46}},"2":{"start":{"line":3,"column":0},"end":{"line":3,"column":47}},"3":{"start":{"line":4,"column":0},"end":{"line":4,"column":53}},"4":{"start":{"line":5,"column":0},"end":{"line":5,"column":52}},"5":{"start":{"line":6,"column":0},"end":{"line":6,"column":48}},"6":{"start":{"line":7,"column":0},"end":{"line":7,"column":50}},"7":{"start":{"line":8,"column":0},"end":{"line":8,"column":51}},"8":{"start":{"line":19,"column":7},"end":{"line":19,"column":null}},"9":{"start":{"line":19,"column":13},"end":{"line":19,"column":24}},"10":{"start":{"line":19,"column":13},"end":{"line":19,"column":null}}},"fnMap":{},"branchMap":{},"s":{"0":2,"1":2,"2":2,"3":2,"4":2,"5":2,"6":2,"7":2,"8":2,"9":2,"10":2},"f":{},"b":{}}
,"/Users/cashies/Desktop/Computer/Internship/chynatownprincess-intern-repo/nest-js/src/users/users.service.ts": {"path":"/Users/cashies/Desktop/Computer/Internship/chynatownprincess-intern-repo/nest-js/src/users/users.service.ts","statementMap":{"0":{"start":{"line":1,"column":0},"end":{"line":1,"column":84}},"1":{"start":{"line":4,"column":0},"end":{"line":4,"column":37}},"2":{"start":{"line":5,"column":0},"end":{"line":5,"column":52}},"3":{"start":{"line":6,"column":0},"end":{"line":6,"column":51}},"4":{"start":{"line":7,"column":0},"end":{"line":7,"column":26}},"5":{"start":{"line":10,"column":7},"end":{"line":85,"column":null}},"6":{"start":{"line":15,"column":12},"end":{"line":15,"column":28}},"7":{"start":{"line":11,"column":10},"end":{"line":11,"column":70}},"8":{"start":{"line":20,"column":4},"end":{"line":44,"column":5}},"9":{"start":{"line":22,"column":23},"end":{"line":24,"column":8}},"10":{"start":{"line":27,"column":6},"end":{"line":29,"column":7}},"11":{"start":{"line":28,"column":8},"end":{"line":28,"column":58}},"12":{"start":{"line":32,"column":19},"end":{"line":32,"column":60}},"13":{"start":{"line":35,"column":6},"end":{"line":35,"column":50}},"14":{"start":{"line":37,"column":6},"end":{"line":39,"column":7}},"15":{"start":{"line":38,"column":8},"end":{"line":38,"column":20}},"16":{"start":{"line":41,"column":22},"end":{"line":41,"column":90}},"17":{"start":{"line":42,"column":6},"end":{"line":43,"column":8}},"18":{"start":{"line":48,"column":4},"end":{"line":55,"column":5}},"19":{"start":{"line":49,"column":23},"end":{"line":51,"column":8}},"20":{"start":{"line":52,"column":6},"end":{"line":52,"column":35}},"21":{"start":{"line":54,"column":6},"end":{"line":54,"column":65}},"22":{"start":{"line":60,"column":4},"end":{"line":60,"column":44}},"23":{"start":{"line":65,"column":17},"end":{"line":65,"column":60}},"24":{"start":{"line":66,"column":4},"end":{"line":68,"column":5}},"25":{"start":{"line":67,"column":6},"end":{"line":67,"column":59}},"26":{"start":{"line":69,"column":4},"end":{"line":69,"column":16}},"27":{"start":{"line":74,"column":4},"end":{"line":74,"column":27}},"28":{"start":{"line":75,"column":4},"end":{"line":75,"column":56}},"29":{"start":{"line":76,"column":4},"end":{"line":76,"column":55}},"30":{"start":{"line":81,"column":17},"end":{"line":81,"column":39}},"31":{"start":{"line":82,"column":4},"end":{"line":82,"column":41}},"32":{"start":{"line":83,"column":4},"end":{"line":83,"column":16}},"33":{"start":{"line":10,"column":13},"end":{"line":10,"column":25}},"34":{"start":{"line":10,"column":13},"end":{"line":85,"column":null}}},"fnMap":{"0":{"name":"(anonymous_5)","decl":{"start":{"line":13,"column":2},"end":{"line":13,"column":null}},"loc":{"start":{"line":15,"column":50},"end":{"line":16,"column":6}}},"1":{"name":"(anonymous_6)","decl":{"start":{"line":19,"column":2},"end":{"line":19,"column":7}},"loc":{"start":{"line":19,"column":43},"end":{"line":45,"column":3}}},"2":{"name":"(anonymous_7)","decl":{"start":{"line":47,"column":2},"end":{"line":47,"column":7}},"loc":{"start":{"line":47,"column":33},"end":{"line":56,"column":3}}},"3":{"name":"(anonymous_8)","decl":{"start":{"line":59,"column":2},"end":{"line":59,"column":7}},"loc":{"start":{"line":59,"column":15},"end":{"line":61,"column":3}}},"4":{"name":"(anonymous_9)","decl":{"start":{"line":64,"column":2},"end":{"line":64,"column":7}},"loc":{"start":{"line":64,"column":26},"end":{"line":70,"column":3}}},"5":{"name":"(anonymous_10)","decl":{"start":{"line":73,"column":2},"end":{"line":73,"column":7}},"loc":{"start":{"line":73,"column":55},"end":{"line":77,"column":3}}},"6":{"name":"(anonymous_11)","decl":{"start":{"line":80,"column":2},"end":{"line":80,"column":7}},"loc":{"start":{"line":80,"column":25},"end":{"line":84,"column":3}}}},"branchMap":{"0":{"loc":{"start":{"line":27,"column":6},"end":{"line":29,"column":7}},"type":"if","locations":[{"start":{"line":27,"column":6},"end":{"line":29,"column":7}}]},"1":{"loc":{"start":{"line":27,"column":10},"end":{"line":27,"column":50}},"type":"binary-expr","locations":[{"start":{"line":27,"column":10},"end":{"line":27,"column":24}},{"start":{"line":27,"column":28},"end":{"line":27,"column":50}}]},"2":{"loc":{"start":{"line":37,"column":6},"end":{"line":39,"column":7}},"type":"if","locations":[{"start":{"line":37,"column":6},"end":{"line":39,"column":7}}]},"3":{"loc":{"start":{"line":41,"column":22},"end":{"line":41,"column":90}},"type":"cond-expr","locations":[{"start":{"line":41,"column":47},"end":{"line":41,"column":60}},{"start":{"line":41,"column":63},"end":{"line":41,"column":90}}]},"4":{"loc":{"start":{"line":66,"column":4},"end":{"line":68,"column":5}},"type":"if","locations":[{"start":{"line":66,"column":4},"end":{"line":68,"column":5}}]}},"s":{"0":5,"1":5,"2":5,"3":5,"4":5,"5":5,"6":13,"7":13,"8":17,"9":17,"10":15,"11":4,"12":11,"13":11,"14":6,"15":4,"16":2,"17":2,"18":0,"19":0,"20":0,"21":0,"22":4,"23":16,"24":16,"25":8,"26":8,"27":4,"28":3,"29":3,"30":6,"31":4,"32":4,"33":5,"34":5},"f":{"0":13,"1":17,"2":0,"3":4,"4":16,"5":4,"6":6},"b":{"0":[4],"1":[15,15],"2":[4],"3":[2,0],"4":[8]}}
,"/Users/cashies/Desktop/Computer/Internship/chynatownprincess-intern-repo/nest-js/src/users/dto/create-user.dto.ts": {"path":"/Users/cashies/Desktop/Computer/Internship/chynatownprincess-intern-repo/nest-js/src/users/dto/create-user.dto.ts","statementMap":{"0":{"start":{"line":1,"column":0},"end":{"line":1,"column":62}},"1":{"start":{"line":3,"column":0},"end":{"line":3,"column":13}},"2":{"start":{"line":5,"column":2},"end":{"line":5,"column":null}},"3":{"start":{"line":8,"column":2},"end":{"line":8,"column":null}},"4":{"start":{"line":12,"column":2},"end":{"line":12,"column":null}}},"fnMap":{},"branchMap":{},"s":{"0":3,"1":3,"2":3,"3":3,"4":3},"f":{},"b":{}}
,"/Users/cashies/Desktop/Computer/Internship/chynatownprincess-intern-repo/nest-js/src/users/dto/update-user.dto.ts": {"path":"/Users/cashies/Desktop/Computer/Internship/chynatownprincess-intern-repo/nest-js/src/users/dto/update-user.dto.ts","statementMap":{"0":{"start":{"line":1,"column":0},"end":{"line":1,"column":51}},"1":{"start":{"line":2,"column":0},"end":{"line":2,"column":50}},"2":{"start":{"line":4,"column":0},"end":{"line":4,"column":13}}},"fnMap":{},"branchMap":{},"s":{"0":3,"1":3,"2":3},"f":{},"b":{}}
,"/Users/cashies/Desktop/Computer/Internship/chynatownprincess-intern-repo/nest-js/src/users/entities/user.entity.ts": {"path":"/Users/cashies/Desktop/Computer/Internship/chynatownprincess-intern-repo/nest-js/src/users/entities/user.entity.ts","statementMap":{"0":{"start":{"line":1,"column":0},"end":{"line":1,"column":23}},"1":{"start":{"line":2,"column":0},"end":{"line":2,"column":44}},"2":{"start":{"line":3,"column":0},"end":{"line":3,"column":null}},"3":{"start":{"line":11,"column":0},"end":{"line":11,"column":58}},"4":{"start":{"line":14,"column":25},"end":{"line":20,"column":1}},"5":{"start":{"line":15,"column":14},"end":{"line":15,"column":40}},"6":{"start":{"line":16,"column":2},"end":{"line":18,"column":3}},"7":{"start":{"line":17,"column":4},"end":{"line":17,"column":74}},"8":{"start":{"line":19,"column":2},"end":{"line":19,"column":13}},"9":{"start":{"line":22,"column":36},"end":{"line":28,"column":1}},"10":{"start":{"line":23,"column":2},"end":{"line":27,"column":5}},"11":{"start":{"line":31,"column":7},"end":{"line":73,"column":null}},"12":{"start":{"line":71,"column":4},"end":{"line":71,"column":33}},"13":{"start":{"line":31,"column":13},"end":{"line":31,"column":23}},"14":{"start":{"line":33,"column":2},"end":{"line":33,"column":null}},"15":{"start":{"line":36,"column":2},"end":{"line":36,"column":null}},"16":{"start":{"line":39,"column":2},"end":{"line":39,"column":null}},"17":{"start":{"line":42,"column":2},"end":{"line":42,"column":null}},"18":{"start":{"line":45,"column":2},"end":{"line":45,"column":null}},"19":{"start":{"line":48,"column":2},"end":{"line":48,"column":null}},"20":{"start":{"line":51,"column":2},"end":{"line":51,"column":null}},"21":{"start":{"line":58,"column":2},"end":{"line":58,"column":null}},"22":{"start":{"line":61,"column":2},"end":{"line":61,"column":null}},"23":{"start":{"line":68,"column":2},"end":{"line":68,"column":null}},"24":{"start":{"line":31,"column":13},"end":{"line":73,"column":null}}},"fnMap":{"0":{"name":"(anonymous_2)","decl":{"start":{"line":14,"column":25},"end":{"line":14,"column":28}},"loc":{"start":{"line":14,"column":30},"end":{"line":20,"column":1}}},"1":{"name":"(anonymous_3)","decl":{"start":{"line":22,"column":36},"end":{"line":22,"column":39}},"loc":{"start":{"line":22,"column":41},"end":{"line":28,"column":1}}},"2":{"name":"(anonymous_4)","decl":{"start":{"line":70,"column":2},"end":{"line":70,"column":14}},"loc":{"start":{"line":70,"column":42},"end":{"line":72,"column":3}}}},"branchMap":{"0":{"loc":{"start":{"line":16,"column":2},"end":{"line":18,"column":3}},"type":"if","locations":[{"start":{"line":16,"column":2},"end":{"line":18,"column":3}}]}},"s":{"0":5,"1":5,"2":5,"3":5,"4":5,"5":10,"6":10,"7":0,"8":10,"9":5,"10":10,"11":5,"12":19,"13":5,"14":5,"15":5,"16":5,"17":5,"18":5,"19":5,"20":5,"21":5,"22":5,"23":5,"24":5},"f":{"0":10,"1":10,"2":19},"b":{"0":[0]}}
}
