TN:
SF:src/app.module.ts
FNF:0
FNH:0
DA:2,2
DA:3,2
DA:4,2
DA:5,2
DA:6,2
DA:45,2
LF:6
LH:6
BRDA:12,0,0,2
BRDA:12,0,1,0
BRDA:16,1,0,2
BRDA:16,1,1,0
BRDA:29,2,0,0
BRDA:29,2,1,0
BRDA:30,3,0,0
BRDA:30,3,1,0
BRDA:31,4,0,0
BRDA:31,4,1,0
BRDA:32,5,0,0
BRDA:32,5,1,0
BRDA:33,6,0,0
BRDA:33,6,1,0
BRF:14
BRH:2
end_of_record
TN:
SF:src/auth/jwt.strategy.ts
FN:9,(anonymous_2)
FN:24,(anonymous_3)
FNF:2
FNH:1
FNDA:2,(anonymous_2)
FNDA:0,(anonymous_3)
DA:1,2
DA:2,2
DA:3,2
DA:4,2
DA:5,2
DA:8,2
DA:9,2
DA:10,2
DA:25,0
LF:9
LH:8
BRF:0
BRH:0
end_of_record
TN:
SF:src/auth/decorators/roles.decorator.ts
FN:3,(anonymous_0)
FNF:1
FNH:1
FNDA:12,(anonymous_0)
DA:1,3
DA:3,12
LF:2
LH:2
BRF:0
BRH:0
end_of_record
TN:
SF:src/auth/guards/roles.guard.ts
FN:6,(anonymous_2)
FN:8,(anonymous_3)
FNF:2
FNH:0
FNDA:0,(anonymous_2)
FNDA:0,(anonymous_3)
DA:1,3
DA:2,3
DA:5,3
DA:6,0
DA:9,0
DA:11,0
DA:12,0
DA:15,0
DA:16,0
DA:19,0
DA:20,0
DA:24,0
LF:12
LH:3
BRDA:11,0,0,0
BRDA:19,1,0,0
BRF:2
BRH:0
end_of_record
TN:
SF:src/users/users.controller.ts
FN:24,(anonymous_4)
FN:29,(anonymous_5)
FN:36,(anonymous_6)
FN:44,(anonymous_7)
FN:52,(anonymous_8)
FN:62,(anonymous_9)
FNF:6
FNH:6
FNDA:8,(anonymous_4)
FNDA:12,(anonymous_5)
FNDA:4,(anonymous_6)
FNDA:6,(anonymous_7)
FNDA:4,(anonymous_8)
FNDA:6,(anonymous_9)
DA:1,3
DA:14,3
DA:15,3
DA:16,3
DA:17,3
DA:18,3
DA:19,3
DA:20,3
DA:23,3
DA:24,8
DA:29,3
DA:30,12
DA:36,3
DA:37,4
DA:44,3
DA:45,6
DA:46,1
DA:52,3
DA:56,4
DA:62,3
DA:63,6
LF:21
LH:21
BRF:0
BRH:0
end_of_record
TN:
SF:src/users/users.module.ts
FNF:0
FNH:0
DA:1,2
DA:2,2
DA:3,2
DA:4,2
DA:5,2
DA:6,2
DA:7,2
DA:8,2
DA:19,2
LF:9
LH:9
BRF:0
BRH:0
end_of_record
TN:
SF:src/users/users.service.ts
FN:13,(anonymous_5)
FN:19,(anonymous_6)
FN:47,(anonymous_7)
FN:59,(anonymous_8)
FN:64,(anonymous_9)
FN:73,(anonymous_10)
FN:80,(anonymous_11)
FNF:7
FNH:6
FNDA:13,(anonymous_5)
FNDA:17,(anonymous_6)
FNDA:0,(anonymous_7)
FNDA:4,(anonymous_8)
FNDA:16,(anonymous_9)
FNDA:4,(anonymous_10)
FNDA:6,(anonymous_11)
DA:1,5
DA:4,5
DA:5,5
DA:6,5
DA:7,5
DA:10,5
DA:11,13
DA:15,13
DA:20,17
DA:22,17
DA:27,15
DA:28,4
DA:32,11
DA:35,11
DA:37,6
DA:38,4
DA:41,2
DA:42,2
DA:48,0
DA:49,0
DA:52,0
DA:54,0
DA:60,4
DA:65,16
DA:66,16
DA:67,8
DA:69,8
DA:74,4
DA:75,3
DA:76,3
DA:81,6
DA:82,4
DA:83,4
LF:33
LH:29
BRDA:27,0,0,4
BRDA:27,1,0,15
BRDA:27,1,1,15
BRDA:37,2,0,4
BRDA:41,3,0,2
BRDA:41,3,1,0
BRDA:66,4,0,8
BRF:7
BRH:6
end_of_record
TN:
SF:src/users/dto/create-user.dto.ts
FNF:0
FNH:0
DA:1,3
DA:3,3
DA:5,3
DA:8,3
DA:12,3
LF:5
LH:5
BRF:0
BRH:0
end_of_record
TN:
SF:src/users/dto/update-user.dto.ts
FNF:0
FNH:0
DA:1,3
DA:2,3
DA:4,3
LF:3
LH:3
BRF:0
BRH:0
end_of_record
TN:
SF:src/users/entities/user.entity.ts
FN:14,(anonymous_2)
FN:22,(anonymous_3)
FN:70,(anonymous_4)
FNF:3
FNH:3
FNDA:10,(anonymous_2)
FNDA:10,(anonymous_3)
FNDA:19,(anonymous_4)
DA:1,5
DA:2,5
DA:3,5
DA:11,5
DA:14,5
DA:15,10
DA:16,10
DA:17,0
DA:19,10
DA:22,5
DA:23,10
DA:31,5
DA:33,5
DA:36,5
DA:39,5
DA:42,5
DA:45,5
DA:48,5
DA:51,5
DA:58,5
DA:61,5
DA:68,5
DA:71,19
LF:23
LH:22
BRDA:16,0,0,0
BRF:1
BRH:0
end_of_record
